<?xml version="1.0" encoding="UTF-8"?>
<!-- Generated by org.testng.reporters.JUnitReportReporter -->
<testsuite hostname="sp-ankit-laptop" failures="0" tests="2" name="com.secpod.testCases.multiFactorAuthentication.AddMFAPolicy" time="4.400" errors="0" timestamp="2023-11-27T01:22:12 IST" skipped="0">
  <testcase classname="com.secpod.testCases.multiFactorAuthentication.AddMFAPolicy" name="addMFAPolicy" time="1.914"/>
  <system-out/>
  <testcase classname="com.secpod.testCases.multiFactorAuthentication.AddMFAPolicy" name="addMFAPolicy" time="2.486"/>
  <system-out/>
</testsuite> <!-- com.secpod.testCases.multiFactorAuthentication.AddMFAPolicy -->
