<?xml version="1.0" encoding="UTF-8"?>
<!-- Generated by org.testng.reporters.JUnitReportReporter -->
<testsuite hostname="sp-ankit-laptop" failures="0" tests="2" name="com.secpod.testCases.multiFactorAuthentication.IsUserMFAPolicyExist" time="1.231" errors="0" timestamp="2023-11-27T01:22:12 IST" skipped="0">
  <testcase classname="com.secpod.testCases.multiFactorAuthentication.IsUserMFAPolicyExist" name="isUserMFAPolicyExist" time="0.632"/>
  <system-out/>
  <testcase classname="com.secpod.testCases.multiFactorAuthentication.IsUserMFAPolicyExist" name="isUserMFAPolicyExist" time="0.599"/>
  <system-out/>
</testsuite> <!-- com.secpod.testCases.multiFactorAuthentication.IsUserMFAPolicyExist -->
