<?xml version="1.0" encoding="UTF-8"?>
<!-- Generated by org.testng.reporters.JUnitReportReporter -->
<testsuite hostname="sp-ankit-laptop" failures="0" tests="3" name="com.secpod.testCases.multiFactorAuthentication.EnforceMultifactor" time="2.047" errors="0" timestamp="2023-11-27T01:22:12 IST" skipped="0">
  <testcase classname="com.secpod.testCases.multiFactorAuthentication.EnforceMultifactor" name="enforceMultiFactor" time="0.652"/>
  <system-out/>
  <testcase classname="com.secpod.testCases.multiFactorAuthentication.EnforceMultifactor" name="enforceMultiFactor" time="0.634"/>
  <system-out/>
  <testcase classname="com.secpod.testCases.multiFactorAuthentication.EnforceMultifactor" name="enforceMultiFactor" time="0.761"/>
  <system-out/>
</testsuite> <!-- com.secpod.testCases.multiFactorAuthentication.EnforceMultifactor -->
