<?xml version="1.0" encoding="UTF-8"?>
<testsuite name="com.secpod.testCases.multiFactorAuthentication.IsUserMFAPolicyExist" tests="2" skipped="0" failures="0" errors="0" timestamp="2023-11-26T19:52:08" hostname="SP-ANKIT-LAPTOP" time="1.231">
  <properties/>
  <testcase name="isUserMFAPolicyExist[0]({&quot;request&quot;:{&quot;method&quot;:&quot;isUserMFAPolicyExist&quot;,&quot;parameters&quot;:{&quot;parameterset&quot;:[{&quot;parameter&quot;:[{&quot;key&quot;:&quot;loginId&quot;,&quot;value&quot;:&quot;INJECT_USERID&quot;}]}]}}}, 200.0, Is User Mfa Policy Exist With Valid Policy name, &quot;TRUE&quot;)" classname="com.secpod.testCases.multiFactorAuthentication.IsUserMFAPolicyExist" time="0.632"/>
  <testcase name="isUserMFAPolicyExist[1]({&quot;request&quot;:{&quot;method&quot;:&quot;isUserMFAPolicyExist&quot;,&quot;parameters&quot;:{&quot;parameterset&quot;:[{&quot;parameter&quot;:[{&quot;key&quot;:&quot;loginId&quot;,&quot;value&quot;:&quot;pingtest&quot;}]}]}}}, 200.0, Is User MFA Policy With InValid Parameters, &quot;Invalid Input&quot;)" classname="com.secpod.testCases.multiFactorAuthentication.IsUserMFAPolicyExist" time="0.599"/>
  <system-out><![CDATA[
###############get organization###############

https://192.168.2.22/AncorWebService/perform
{"request":{"method":"getOrganization"}}
{ "organizations":[{"organizationinfo":{"name":"Nicole","email":"qatest@secpod.com","startdate":"2023-09-21","enddate":"2023-12-31","maxsubscriptions":50,"inusesubscriptions":0}},{"organizationinfo":{"name":"org2","email":"qatest@secpod.com","startdate":"2023-09-20","enddate":"2023-12-31","maxsubscriptions":15,"inusesubscriptions":0}},{"organizationinfo":{"name":"Smitha","email":"qatest@secpod.com","startdate":"2023-10-11","enddate":"2023-12-31","maxsubscriptions":20,"inusesubscriptions":1}},{"organizationinfo":{"name":"testUpdate1","email":"test11@test.com","startdate":"2023-09-26","enddate":"2023-12-12","maxsubscriptions":1,"inusesubscriptions":0}},{"organizationinfo":{"name":"Test_ANKIT","email":"qatest@secpod.com","startdate":"2023-10-12","enddate":"2023-12-31","maxsubscriptions":5,"inusesubscriptions":0}},{"organizationinfo":{"name":"Avinash","email":"qatest@secpod.com","startdate":"2023-09-23","enddate":"2023-12-31","maxsubscriptions":2,"inusesubscriptions":0}},{"organizationinfo":{"name":"SHIV","email":"qatest@secpod.com","startdate":"2023-10-18","enddate":"2023-12-31","maxsubscriptions":5,"inusesubscriptions":3}},{"organizationinfo":{"name":"Ashok","email":"qatest@secpod.com","startdate":"2023-08-22","enddate":"2023-12-31","maxsubscriptions":5,"inusesubscriptions":1}}]}

###############Create User for deletion###############

https://192.168.2.22/AncorWebService/perform
{"request":{"method":"adduser","parameters":{"parameterset":[{"parameter":[{"key":"id","value":"API.q8O3@123.com"},{"key":"password","value":"P4ssw0rd@"},{"key":"name","value":"uniqname"},{"key":"organization","value":"Nicole"},{"key":"email","value":"commonuserforDelete@secpod.com"},{"key":"role","value":"ORGADMIN"}]}]}}}
{"response":{"method":"adduser","results":{"result":[{"key":"API.q8O3@123.com","status":"success","reason":""}]}}}

###############addMFAPolicy###############

https://192.168.2.22/AncorWebService/perform
{"request":{"method":"addMFAPolicy","parameters":{"parameterset":[{"parameter":[{"key":"policyName","value":"PingOneTest11"},{"key":"policyDescription","value":"Test"},{"key":"environmentId","value":"612fb5a2-3c63-461c-8689-8286b316cdee"},{"key":"clientId","value":"2321773e-ed61-4e1b-8f2c-2031d6e12cbf"},{"key":"authenticationPath","value":"https://auth.pingone.asia"},{"key":"usernameOption","value":"custom"}]}]}}}
{"response":{"method":"addMFAPolicy","results":{"result":[{"key":"PingOneTest11","status":"success","reason":""}]}}}
Print this1 API.q8O3@123.com
Print this2"PingOneTest11"

###############EnforeMultiFactor###############

https://192.168.2.22/AncorWebService/perform
{"request":{"method":"enforceMultiFactor","parameters":{"parameterset":[{"parameter":[{"key":"loginid","value":"API.q8O3@123.com"},{"key":"policyName","value":"PingOneTest11"}]}]}}}
{"response":{"method":"enforceMultiFactor","results":{"result":[{"key":"API.q8O3@123.com","status":"success","reason":""}]}}}
Print this API.q8O3@123.com
totalNumberOfRows::3
APIhelper::::::::::{"body":{"request":{"method":"isUserMFAPolicyExist","parameters":{"parameterset":[{"parameter":[{"key":"loginId","value":"INJECT_USERID"}]}]}}},"status":"200.0","urlparam":"Valid","description_of_TC":"Is User Mfa Policy Exist With Valid Policy name","expected_results":"TRUE"}
APIhelper::::::::::{"body":{"request":{"method":"isUserMFAPolicyExist","parameters":{"parameterset":[{"parameter":[{"key":"loginId","value":"pingtest"}]}]}}},"status":"200.0","urlparam":"Valid","description_of_TC":"Is User MFA Policy With InValid Parameters","expected_results":"Invalid Input"}

###############Is User Mfa Policy Exist With Valid Policy name###############

https://192.168.2.22/AncorWebService/perform
{"request":{"method":"isUserMFAPolicyExist","parameters":{"parameterset":[{"parameter":[{"key":"loginId","value":"API.q8O3@123.com"}]}]}}}
{"response":{"method":"isUserMFAPolicyExist","results":{"result":[{"key":"API.q8O3@123.com","status":"True","reason":""}]}}}
getStatus Message for success::"True"
success status in config::"TRUE"
Print this1API.q8O3@123.com
print this2API.q8O3@123.com

###############Is User MFA Policy With InValid Parameters###############

https://192.168.2.22/AncorWebService/perform
{"request":{"method":"isUserMFAPolicyExist","parameters":{"parameterset":[{"parameter":[{"key":"loginId","value":"pingtest"}]}]}}}
{"response":{"method":"isUserMFAPolicyExist","results":{"result":[{"key":"No status found","status":"fail","reason":"Invalid Input"}]}}}
getStatus Message for False::"fail"
fail status in config"fail"
"Invalid Input"
"Invalid Input"
]]></system-out>
  <system-err><![CDATA[]]></system-err>
</testsuite>
