<?xml version="1.0" encoding="UTF-8"?>
<testsuite name="com.secpod.testCases.multiFactorAuthentication.AddMFAPolicy" tests="2" skipped="0" failures="0" errors="0" timestamp="2023-11-26T19:51:51" hostname="SP-ANKIT-LAPTOP" time="4.4">
  <properties/>
  <testcase name="addMFAPolicy[0]({&quot;request&quot;:{&quot;method&quot;:&quot;addMFAPolicy&quot;,&quot;parameters&quot;:{&quot;parameterset&quot;:[{&quot;parameter&quot;:[{&quot;key&quot;:&quot;policyName&quot;,&quot;value&quot;:&quot;INJECT_POLICYNAME&quot;},{&quot;key&quot;:&quot;policyDescription&quot;,&quot;value&quot;:&quot;INJECT_POLICYDESCRIPTION&quot;},{&quot;key&quot;:&quot;environmentId&quot;,&quot;value&quot;:&quot;INJECT_ENVIRONMENT_ID&quot;},{&quot;key&quot;:&quot;clientId&quot;,&quot;value&quot;:&quot;INJECT_CLIENT_ID&quot;},{&quot;key&quot;:&quot;authenticationPath&quot;,&quot;value&quot;:&quot;INJECT_AUTHENTICATION_PATH&quot;},{&quot;key&quot;:&quot;usernameOption&quot;,&quot;value&quot;:&quot;INJECT_MFA_USERNAME_OPTION&quot;}]}]}}}, 200.0, Add Pingone Mfa Policy With Valid Parameters, &quot;success&quot;)" classname="com.secpod.testCases.multiFactorAuthentication.AddMFAPolicy" time="1.914"/>
  <testcase name="addMFAPolicy[1]({&quot;request&quot;:{&quot;method&quot;:&quot;addMFAPolicy&quot;,&quot;parameters&quot;:{&quot;parameterset&quot;:[{&quot;parameter&quot;:[{&quot;key&quot;:&quot;policyName&quot;,&quot;value&quot;:&quot;pingtest&quot;},{&quot;key&quot;:&quot;policyDescription&quot;,&quot;value&quot;:&quot;demo&quot;},{&quot;key&quot;:&quot;environmentId&quot;,&quot;value&quot;:&quot;invalid_env_id&quot;},{&quot;key&quot;:&quot;clientId&quot;,&quot;value&quot;:&quot;Invalid_client_id&quot;},{&quot;key&quot;:&quot;authenticationPath&quot;,&quot;value&quot;:&quot;https://auth.pingone.asia&quot;},{&quot;key&quot;:&quot;usernameOption&quot;,&quot;value&quot;:&quot;custom&quot;}]}]}}}, 200.0, Add Pingone Mfa Policy With InValid Parameters, &quot;Invalid multi-factor authentication input&quot;)" classname="com.secpod.testCases.multiFactorAuthentication.AddMFAPolicy" time="1.844"/>
  <system-out><![CDATA[totalNumberOfRows::2
APIhelper::::::::::{"body":{"request":{"method":"addMFAPolicy","parameters":{"parameterset":[{"parameter":[{"key":"policyName","value":"INJECT_POLICYNAME"},{"key":"policyDescription","value":"INJECT_POLICYDESCRIPTION"},{"key":"environmentId","value":"INJECT_ENVIRONMENT_ID"},{"key":"clientId","value":"INJECT_CLIENT_ID"},{"key":"authenticationPath","value":"INJECT_AUTHENTICATION_PATH"},{"key":"usernameOption","value":"INJECT_MFA_USERNAME_OPTION"}]}]}}},"status":"200.0","urlparam":"Valid","description_of_TC":"Add Pingone Mfa Policy With Valid Parameters","expected_results":"success"}
APIhelper::::::::::{"body":{"request":{"method":"addMFAPolicy","parameters":{"parameterset":[{"parameter":[{"key":"policyName","value":"pingtest"},{"key":"policyDescription","value":"demo"},{"key":"environmentId","value":"invalid_env_id"},{"key":"clientId","value":"Invalid_client_id"},{"key":"authenticationPath","value":"https://auth.pingone.asia"},{"key":"usernameOption","value":"custom"}]}]}}},"status":"200.0","urlparam":"Valid","description_of_TC":"Add Pingone Mfa Policy With InValid Parameters","expected_results":"Invalid multi-factor authentication input"}

###############Add Pingone Mfa Policy With Valid Parameters###############

https://192.168.2.22/AncorWebService/perform
{"request":{"method":"addMFAPolicy","parameters":{"parameterset":[{"parameter":[{"key":"policyName","value":"PingOneTest11"},{"key":"policyDescription","value":"Test"},{"key":"environmentId","value":"612fb5a2-3c63-461c-8689-8286b316cdee"},{"key":"clientId","value":"2321773e-ed61-4e1b-8f2c-2031d6e12cbf"},{"key":"authenticationPath","value":"https://auth.pingone.asia"},{"key":"usernameOption","value":"custom"}]}]}}}
{"response":{"method":"addMFAPolicy","results":{"result":[{"key":"PingOneTest11","status":"success","reason":""}]}}}

###############removeMFAPolicy###############

https://192.168.2.22/AncorWebService/perform
{"request":{"method":"removeMFAPolicy","parameters":{"parameterset":[{"parameter":[{"key":"policyName","value":"PingOneTest11"}]}]}}}
{"response":{"method":"removeMFAPolicy","results":{"result":[{"key":"PingOneTest11","status":"success","reason":""}]}}}

###############Add Pingone Mfa Policy With InValid Parameters###############

https://192.168.2.22/AncorWebService/perform
{"request":{"method":"addMFAPolicy","parameters":{"parameterset":[{"parameter":[{"key":"policyName","value":"pingtest"},{"key":"policyDescription","value":"demo"},{"key":"environmentId","value":"invalid_env_id"},{"key":"clientId","value":"Invalid_client_id"},{"key":"authenticationPath","value":"https://auth.pingone.asia"},{"key":"usernameOption","value":"custom"}]}]}}}
{"response":{"method":"addMFAPolicy","results":{"result":[{"key":"pingtest","status":"fail","reason":"Invalid multi-factor authentication input"}]}}}
]]></system-out>
  <system-err><![CDATA[]]></system-err>
</testsuite>
